{"/home/yuquan/react-native-components/src/Demo.js": {"path":"/home/yuquan/react-native-components/src/Demo.js","statementMap":{"0":{"start":{"line":1,"column":42},"end":{"line":1,"column":97}},"1":{"start":{"line":1,"column":128},"end":{"line":1,"column":184}},"2":{"start":{"line":1,"column":185},"end":{"line":1,"column":247}},"3":{"start":{"line":1,"column":247},"end":{"line":1,"column":272}},"4":{"start":{"line":1,"column":295},"end":{"line":1,"column":367}},"5":{"start":{"line":1,"column":388},"end":{"line":1,"column":457}},"6":{"start":{"line":1,"column":492},"end":{"line":1,"column":575}},"7":{"start":{"line":1,"column":599},"end":{"line":1,"column":671}},"8":{"start":{"line":1,"column":689},"end":{"line":1,"column":755}},"9":{"start":{"line":1,"column":769},"end":{"line":1,"column":810}},"10":{"start":{"line":2,"column":19},"end":{"line":2,"column":42}},"11":{"start":{"line":2,"column":62},"end":{"line":2,"column":112}},"12":{"start":{"line":4,"column":13},"end":{"line":19,"column":28}},"13":{"start":{"line":23,"column":7},"end":{"line":33,"column":41}},"14":{"start":{"line":23,"column":30},"end":{"line":23,"column":72}},"15":{"start":{"line":23,"column":89},"end":{"line":23,"column":131}},"16":{"start":{"line":23,"column":131},"end":{"line":23,"column":245}},"17":{"start":{"line":23,"column":246},"end":{"line":33,"column":10}},"18":{"start":{"line":25,"column":6},"end":{"line":28,"column":185}},"19":{"start":{"line":33,"column":10},"end":{"line":33,"column":22}},"20":{"start":{"line":33,"column":42},"end":{"line":33,"column":65}}},"fnMap":{"0":{"name":"(anonymous_0)","decl":{"start":{"line":23,"column":7},"end":{"line":23,"column":8}},"loc":{"start":{"line":23,"column":29},"end":{"line":33,"column":23}},"line":23},"1":{"name":"Demo","decl":{"start":{"line":23,"column":81},"end":{"line":23,"column":85}},"loc":{"start":{"line":23,"column":88},"end":{"line":23,"column":246}},"line":23},"2":{"name":"render","decl":{"start":{"line":23,"column":313},"end":{"line":23,"column":319}},"loc":{"start":{"line":24,"column":4},"end":{"line":33,"column":5}},"line":24}},"branchMap":{},"s":{"0":1,"1":1,"2":1,"3":1,"4":1,"5":1,"6":1,"7":1,"8":1,"9":1,"10":1,"11":1,"12":1,"13":1,"14":1,"15":1,"16":1,"17":1,"18":1,"19":1,"20":1},"f":{"0":1,"1":1,"2":1},"b":{},"_coverageSchema":"43e27e138ebf9cfc5966b082cf9a028302ed4184","hash":"a2ee13add4740d8ea36f66d73ad133389f3816e4"}
,"/home/yuquan/react-native-components/src/decorators/debounce.js": {"path":"/home/yuquan/react-native-components/src/decorators/debounce.js","statementMap":{"0":{"start":{"line":1,"column":42},"end":{"line":1,"column":97}},"1":{"start":{"line":1,"column":98},"end":{"line":1,"column":160}},"2":{"start":{"line":1,"column":160},"end":{"line":1,"column":185}},"3":{"start":{"line":1,"column":206},"end":{"line":1,"column":276}},"4":{"start":{"line":2,"column":23},"end":{"line":2,"column":26}},"5":{"start":{"line":4,"column":0},"end":{"line":22,"column":5}},"6":{"start":{"line":4,"column":30},"end":{"line":22,"column":4}},"7":{"start":{"line":5,"column":16},"end":{"line":5,"column":20}},"8":{"start":{"line":6,"column":15},"end":{"line":6,"column":31}},"9":{"start":{"line":8,"column":4},"end":{"line":20,"column":11}},"10":{"start":{"line":10,"column":43},"end":{"line":10,"column":47}},"11":{"start":{"line":10,"column":61},"end":{"line":10,"column":70}},"12":{"start":{"line":11,"column":8},"end":{"line":13,"column":9}},"13":{"start":{"line":12,"column":10},"end":{"line":12,"column":30}},"14":{"start":{"line":15,"column":8},"end":{"line":19,"column":42}},"15":{"start":{"line":16,"column":10},"end":{"line":16,"column":23}},"16":{"start":{"line":18,"column":10},"end":{"line":18,"column":40}},"17":{"start":{"line":22,"column":6},"end":{"line":22,"column":33}}},"fnMap":{"0":{"name":"_default","decl":{"start":{"line":4,"column":9},"end":{"line":4,"column":17}},"loc":{"start":{"line":4,"column":29},"end":{"line":22,"column":5}},"line":4},"1":{"name":"(anonymous_1)","decl":{"start":{"line":4,"column":37},"end":{"line":4,"column":38}},"loc":{"start":{"line":4,"column":73},"end":{"line":22,"column":3}},"line":4},"2":{"name":"value","decl":{"start":{"line":10,"column":22},"end":{"line":10,"column":27}},"loc":{"start":{"line":10,"column":30},"end":{"line":20,"column":7}},"line":10},"3":{"name":"(anonymous_3)","decl":{"start":{"line":15,"column":27},"end":{"line":15,"column":28}},"loc":{"start":{"line":15,"column":39},"end":{"line":19,"column":9}},"line":15}},"branchMap":{"0":{"loc":{"start":{"line":11,"column":8},"end":{"line":13,"column":9}},"type":"if","locations":[{"start":{"line":11,"column":8},"end":{"line":13,"column":9}},{"start":{"line":11,"column":8},"end":{"line":13,"column":9}}],"line":11},"1":{"loc":{"start":{"line":19,"column":11},"end":{"line":19,"column":40}},"type":"binary-expr","locations":[{"start":{"line":19,"column":11},"end":{"line":19,"column":20}},{"start":{"line":19,"column":24},"end":{"line":19,"column":40}}],"line":19}},"s":{"0":1,"1":1,"2":1,"3":1,"4":1,"5":1,"6":2,"7":2,"8":2,"9":2,"10":31,"11":31,"12":31,"13":29,"14":31,"15":2,"16":2,"17":1},"f":{"0":2,"1":2,"2":31,"3":2},"b":{"0":[29,2],"1":[31,15]},"_coverageSchema":"43e27e138ebf9cfc5966b082cf9a028302ed4184","hash":"e89bd0a5cd045d248deb492752c6161dd664eeee"}
,"/home/yuquan/react-native-components/src/decorators/throttle.js": {"path":"/home/yuquan/react-native-components/src/decorators/throttle.js","statementMap":{"0":{"start":{"line":1,"column":42},"end":{"line":1,"column":97}},"1":{"start":{"line":1,"column":98},"end":{"line":1,"column":160}},"2":{"start":{"line":1,"column":160},"end":{"line":1,"column":185}},"3":{"start":{"line":1,"column":206},"end":{"line":1,"column":276}},"4":{"start":{"line":2,"column":23},"end":{"line":2,"column":26}},"5":{"start":{"line":4,"column":0},"end":{"line":23,"column":5}},"6":{"start":{"line":4,"column":30},"end":{"line":23,"column":4}},"7":{"start":{"line":5,"column":16},"end":{"line":5,"column":20}},"8":{"start":{"line":6,"column":15},"end":{"line":6,"column":31}},"9":{"start":{"line":8,"column":4},"end":{"line":21,"column":11}},"10":{"start":{"line":11,"column":8},"end":{"line":13,"column":9}},"11":{"start":{"line":12,"column":10},"end":{"line":12,"column":17}},"12":{"start":{"line":15,"column":8},"end":{"line":15,"column":36}},"13":{"start":{"line":17,"column":8},"end":{"line":20,"column":42}},"14":{"start":{"line":18,"column":10},"end":{"line":18,"column":30}},"15":{"start":{"line":19,"column":10},"end":{"line":19,"column":23}},"16":{"start":{"line":23,"column":6},"end":{"line":23,"column":33}}},"fnMap":{"0":{"name":"_default","decl":{"start":{"line":4,"column":9},"end":{"line":4,"column":17}},"loc":{"start":{"line":4,"column":29},"end":{"line":23,"column":5}},"line":4},"1":{"name":"(anonymous_1)","decl":{"start":{"line":4,"column":37},"end":{"line":4,"column":38}},"loc":{"start":{"line":4,"column":73},"end":{"line":23,"column":3}},"line":4},"2":{"name":"value","decl":{"start":{"line":10,"column":22},"end":{"line":10,"column":27}},"loc":{"start":{"line":10,"column":30},"end":{"line":21,"column":7}},"line":10},"3":{"name":"(anonymous_3)","decl":{"start":{"line":17,"column":27},"end":{"line":17,"column":28}},"loc":{"start":{"line":17,"column":39},"end":{"line":20,"column":9}},"line":17}},"branchMap":{"0":{"loc":{"start":{"line":11,"column":8},"end":{"line":13,"column":9}},"type":"if","locations":[{"start":{"line":11,"column":8},"end":{"line":13,"column":9}},{"start":{"line":11,"column":8},"end":{"line":13,"column":9}}],"line":11},"1":{"loc":{"start":{"line":20,"column":11},"end":{"line":20,"column":40}},"type":"binary-expr","locations":[{"start":{"line":20,"column":11},"end":{"line":20,"column":20}},{"start":{"line":20,"column":24},"end":{"line":20,"column":40}}],"line":20}},"s":{"0":1,"1":1,"2":1,"3":1,"4":1,"5":1,"6":2,"7":2,"8":2,"9":2,"10":30,"11":27,"12":3,"13":3,"14":1,"15":1,"16":1},"f":{"0":2,"1":2,"2":30,"3":1},"b":{"0":[27,3],"1":[3,1]},"_coverageSchema":"43e27e138ebf9cfc5966b082cf9a028302ed4184","hash":"b197e01705efcd96d307e261658886d217ca6c4c"}
}
