{"/home/yuquan/react-native-components/src/Demo.js": {"path":"/home/yuquan/react-native-components/src/Demo.js","statementMap":{"0":{"start":{"line":1,"column":42},"end":{"line":1,"column":97}},"1":{"start":{"line":1,"column":128},"end":{"line":1,"column":184}},"2":{"start":{"line":1,"column":185},"end":{"line":1,"column":247}},"3":{"start":{"line":1,"column":247},"end":{"line":1,"column":272}},"4":{"start":{"line":1,"column":295},"end":{"line":1,"column":367}},"5":{"start":{"line":1,"column":388},"end":{"line":1,"column":457}},"6":{"start":{"line":1,"column":492},"end":{"line":1,"column":575}},"7":{"start":{"line":1,"column":599},"end":{"line":1,"column":671}},"8":{"start":{"line":1,"column":689},"end":{"line":1,"column":755}},"9":{"start":{"line":1,"column":769},"end":{"line":1,"column":810}},"10":{"start":{"line":2,"column":19},"end":{"line":2,"column":42}},"11":{"start":{"line":2,"column":62},"end":{"line":2,"column":112}},"12":{"start":{"line":4,"column":13},"end":{"line":19,"column":28}},"13":{"start":{"line":23,"column":7},"end":{"line":33,"column":41}},"14":{"start":{"line":23,"column":30},"end":{"line":23,"column":72}},"15":{"start":{"line":23,"column":89},"end":{"line":23,"column":131}},"16":{"start":{"line":23,"column":131},"end":{"line":23,"column":245}},"17":{"start":{"line":23,"column":246},"end":{"line":33,"column":10}},"18":{"start":{"line":25,"column":6},"end":{"line":28,"column":185}},"19":{"start":{"line":33,"column":10},"end":{"line":33,"column":22}},"20":{"start":{"line":33,"column":42},"end":{"line":33,"column":65}}},"fnMap":{"0":{"name":"(anonymous_0)","decl":{"start":{"line":23,"column":7},"end":{"line":23,"column":8}},"loc":{"start":{"line":23,"column":29},"end":{"line":33,"column":23}},"line":23},"1":{"name":"Demo","decl":{"start":{"line":23,"column":81},"end":{"line":23,"column":85}},"loc":{"start":{"line":23,"column":88},"end":{"line":23,"column":246}},"line":23},"2":{"name":"render","decl":{"start":{"line":23,"column":313},"end":{"line":23,"column":319}},"loc":{"start":{"line":24,"column":4},"end":{"line":33,"column":5}},"line":24}},"branchMap":{},"s":{"0":1,"1":1,"2":1,"3":1,"4":1,"5":1,"6":1,"7":1,"8":1,"9":1,"10":1,"11":1,"12":1,"13":1,"14":1,"15":1,"16":1,"17":1,"18":1,"19":1,"20":1},"f":{"0":1,"1":1,"2":1},"b":{},"_coverageSchema":"43e27e138ebf9cfc5966b082cf9a028302ed4184","hash":"a2ee13add4740d8ea36f66d73ad133389f3816e4"}
}
