TN:
SF:/home/yuquan/react-native-components/src/Demo.js
FN:23,(anonymous_0)
FN:23,Demo
FN:23,render
FNF:3
FNH:3
FNDA:1,(anonymous_0)
FNDA:1,Demo
FNDA:1,render
DA:1,1
DA:2,1
DA:4,1
DA:23,1
DA:25,1
DA:33,1
LF:6
LH:6
BRF:0
BRH:0
end_of_record
TN:
SF:/home/yuquan/react-native-components/src/decorators/throttle.js
FN:4,_default
FN:4,(anonymous_1)
FN:10,value
FN:17,(anonymous_3)
FNF:4
FNH:4
FNDA:2,_default
FNDA:2,(anonymous_1)
FNDA:29,value
FNDA:1,(anonymous_3)
DA:1,1
DA:2,1
DA:4,2
DA:5,2
DA:6,2
DA:8,2
DA:11,29
DA:12,26
DA:15,3
DA:17,3
DA:18,1
DA:19,1
DA:23,1
LF:13
LH:13
BRDA:11,0,0,26
BRDA:11,0,1,3
BRDA:20,1,0,3
BRDA:20,1,1,1
BRF:4
BRH:4
end_of_record
